[2023-02-27T12:07:44.591] [INFO] client - Client created {
  source: 'ClientService',
  applicationName: 'NodeOPCUA-Clien',
  connectionStrategy: { initialDelay: 1000, maxRetry: 1 },
  securityMode: 1,
  securityPolicy: 'http://opcfoundation.org/UA/SecurityPolicy#None',
  endpointMustExist: false,
  certificateFile: 'F:\\idea_projects\\uaclient\\certificates\\PKI\\own\\certs\\client_cert.pem',
  privateKeyFile: 'F:\\idea_projects\\uaclient\\certificates\\PKI\\own\\private\\private_key.pem'
}
[2023-02-27T12:07:46.972] [INFO] client - Established connection {
  source: 'ClientService',
  endpointUrl: 'opc.tcp://WIN-4D29EPFU0V6:53530/OPCUA/SimulationServer'
}
[2023-02-27T12:11:53.899] [INFO] client - Established connection {
  source: 'ClientService',
  endpointUrl: 'opc.tcp://WIN-4D29EPFU0V6:53530/OPCUA/SimulationServer'
}
[2023-02-27T12:11:53.901] [ERROR] client - Exception connecting server {
  source: 'ClientService',
  error: "Cannot read properties of undefined (reading 'connect')"
}
[2023-02-28T12:03:43.257] [ERROR] client - undefined {
  '0': 'n',
  '1': 'o',
  '2': ' ',
  '3': 's',
  '4': 'u',
  '5': 'c',
  '6': 'h',
  '7': ' ',
  '8': 'c',
  '9': 'o',
  '10': 'l',
  '11': 'u',
  '12': 'm',
  '13': 'n',
  '14': ':',
  '15': ' ',
  '16': 't',
  '17': 'a',
  '18': 'b',
  '19': 'l',
  '20': 'e',
  source: undefined,
  error: undefined
}
[2023-02-28T12:07:39.348] [ERROR] client - Exception occurred init sqlite { source: 'DBService', error: 'no such table: week_2023_2_5' }
[2023-02-28T12:11:58.864] [ERROR] client - undefined {
  '0': 'n',
  '1': 'o',
  '2': ' ',
  '3': 's',
  '4': 'u',
  '5': 'c',
  '6': 'h',
  '7': ' ',
  '8': 'c',
  '9': 'o',
  '10': 'l',
  '11': 'u',
  '12': 'm',
  '13': 'n',
  '14': ':',
  '15': ' ',
  '16': 't',
  '17': 'a',
  '18': 'b',
  '19': 'l',
  '20': 'e',
  source: undefined,
  error: undefined
}
[2023-02-28T12:12:38.056] [ERROR] client - Exception occurred init sqlite { source: 'DBService', error: 'no such table: week_2023_2_5' }
[2023-02-28T12:13:42.998] [ERROR] client - Exception occurred init sqlite { source: 'DBService', error: 'no such table: week_2023_2_5' }
[2023-02-28T12:15:03.648] [ERROR] client - Exception occurred init sqlite { source: 'DBService', error: 'no such table: week_2023_2_5' }
[2023-02-28T12:46:56.216] [INFO] client - Client created {
  source: 'ClientService',
  applicationName: 'uaclient',
  connectionStrategy: { initialDelay: 1000, maxRetry: 1 },
  securityMode: 1,
  securityPolicy: 'http://opcfoundation.org/UA/SecurityPolicy#None',
  endpointMustExist: false,
  certificateFile: 'F:\\idea_projects\\uaclient\\certificates\\PKI\\own\\certs\\client_cert.pem',
  privateKeyFile: 'F:\\idea_projects\\uaclient\\certificates\\PKI\\own\\private\\private_key.pem'
}
[2023-02-28T12:47:00.810] [ERROR] client - Exception creating session { source: 'ClientSession', error: undefined }
[2023-02-28T12:47:07.719] [INFO] client - Established connection {
  source: 'ClientService',
  endpointUrl: 'opc.tcp://WIN-4D29EPFU0V6:53530/OPCUA/SimulationServer'
}
[2023-02-28T12:47:12.921] [ERROR] client - Exception connecting server {
  source: 'ClientService',
  error: 'The connection cannot be established with server opc.tcp://WIN-4D29EPFU0V6:53530/OPCUA/SimulationServer .\n' +
    'Please check that the server is up and running or your network configuration.\n' +
    'Err = (connect ECONNREFUSED 10.68.106.32:53530)'
}
